<?xml version="1.0" encoding="UTF-8"?>
<!-- Generated by org.testng.reporters.JUnitReportReporter -->
<testsuite skipped="0" hostname="DESKTOP-D8HNM4S" name="tests.SmokeTestRunner" tests="1" failures="0" timestamp="2020-11-20T01:57:00 IST" time="2.458" errors="0">
  <testcase name="runScenario" time="2.458" classname="tests.SmokeTestRunner"/>
  <system-out/>
</testsuite> <!-- tests.SmokeTestRunner -->
