<?xml version="1.0" encoding="UTF-8"?>
<!-- Generated by org.testng.reporters.JUnitReportReporter -->
<testsuite skipped="0" hostname="DESKTOP-D8HNM4S" name="tests.RegressionTestRunner" tests="11" failures="0" timestamp="2020-11-20T01:57:58 IST" time="4.114" errors="0">
  <testcase name="runScenario" time="0.218" classname="tests.RegressionTestRunner"/>
  <system-out/>
  <testcase name="runScenario" time="0.187" classname="tests.RegressionTestRunner"/>
  <system-out/>
  <testcase name="runScenario" time="0.141" classname="tests.RegressionTestRunner"/>
  <system-out/>
  <testcase name="runScenario" time="0.157" classname="tests.RegressionTestRunner"/>
  <system-out/>
  <testcase name="runScenario" time="0.203" classname="tests.RegressionTestRunner"/>
  <system-out/>
  <testcase name="runScenario" time="0.203" classname="tests.RegressionTestRunner"/>
  <system-out/>
  <testcase name="runScenario" time="0.156" classname="tests.RegressionTestRunner"/>
  <system-out/>
  <testcase name="runScenario" time="0.140" classname="tests.RegressionTestRunner"/>
  <system-out/>
  <testcase name="runScenario" time="0.167" classname="tests.RegressionTestRunner"/>
  <system-out/>
  <testcase name="runScenario" time="2.365" classname="tests.RegressionTestRunner"/>
  <system-out/>
  <testcase name="runScenario" time="0.177" classname="tests.RegressionTestRunner"/>
  <system-out/>
</testsuite> <!-- tests.RegressionTestRunner -->
