<?xml version="1.0" encoding="UTF-8"?>
<!-- Generated by org.testng.reporters.JUnitReportReporter -->
<testsuite skipped="0" hostname="DESKTOP-D8HNM4S" name="tests.RealTestRunner" tests="25" failures="0" timestamp="2020-11-20T01:57:38 IST" time="24.373" errors="0">
  <testcase name="runScenario" time="0.718" classname="tests.RealTestRunner"/>
  <system-out/>
  <testcase name="runScenario" time="0.171" classname="tests.RealTestRunner"/>
  <system-out/>
  <testcase name="runScenario" time="0.752" classname="tests.RealTestRunner"/>
  <system-out/>
  <testcase name="runScenario" time="1.930" classname="tests.RealTestRunner"/>
  <system-out/>
  <testcase name="runScenario" time="0.610" classname="tests.RealTestRunner"/>
  <system-out/>
  <testcase name="runScenario" time="0.185" classname="tests.RealTestRunner"/>
  <system-out/>
  <testcase name="runScenario" time="10.739" classname="tests.RealTestRunner"/>
  <system-out/>
  <testcase name="runScenario" time="0.735" classname="tests.RealTestRunner"/>
  <system-out/>
  <testcase name="runScenario" time="0.141" classname="tests.RealTestRunner"/>
  <system-out/>
  <testcase name="runScenario" time="1.136" classname="tests.RealTestRunner"/>
  <system-out/>
  <testcase name="runScenario" time="0.779" classname="tests.RealTestRunner"/>
  <system-out/>
  <testcase name="runScenario" time="0.751" classname="tests.RealTestRunner"/>
  <system-out/>
  <testcase name="runScenario" time="0.723" classname="tests.RealTestRunner"/>
  <system-out/>
  <testcase name="runScenario" time="0.188" classname="tests.RealTestRunner"/>
  <system-out/>
  <testcase name="runScenario" time="0.171" classname="tests.RealTestRunner"/>
  <system-out/>
  <testcase name="runScenario" time="0.797" classname="tests.RealTestRunner"/>
  <system-out/>
  <testcase name="runScenario" time="0.140" classname="tests.RealTestRunner"/>
  <system-out/>
  <testcase name="runScenario" time="0.187" classname="tests.RealTestRunner"/>
  <system-out/>
  <testcase name="runScenario" time="0.768" classname="tests.RealTestRunner"/>
  <system-out/>
  <testcase name="runScenario" time="0.750" classname="tests.RealTestRunner"/>
  <system-out/>
  <testcase name="runScenario" time="0.172" classname="tests.RealTestRunner"/>
  <system-out/>
  <testcase name="runScenario" time="0.203" classname="tests.RealTestRunner"/>
  <system-out/>
  <testcase name="runScenario" time="0.171" classname="tests.RealTestRunner"/>
  <system-out/>
  <testcase name="runScenario" time="0.769" classname="tests.RealTestRunner"/>
  <system-out/>
  <testcase name="runScenario" time="0.687" classname="tests.RealTestRunner"/>
  <system-out/>
</testsuite> <!-- tests.RealTestRunner -->
