<?xml version="1.0" encoding="UTF-8"?>
<!-- Generated by org.testng.reporters.JUnitReportReporter -->
<testsuite skipped="0" hostname="DESKTOP-D8HNM4S" name="tests.RealTestRunner" tests="25" failures="0" timestamp="2020-11-21T20:39:12 IST" time="21.817" errors="0">
  <testcase name="runScenario" time="0.363" classname="tests.RealTestRunner"/>
  <system-out/>
  <testcase name="runScenario" time="0.581" classname="tests.RealTestRunner"/>
  <system-out/>
  <testcase name="runScenario" time="0.498" classname="tests.RealTestRunner"/>
  <system-out/>
  <testcase name="runScenario" time="0.375" classname="tests.RealTestRunner"/>
  <system-out/>
  <testcase name="runScenario" time="0.494" classname="tests.RealTestRunner"/>
  <system-out/>
  <testcase name="runScenario" time="0.497" classname="tests.RealTestRunner"/>
  <system-out/>
  <testcase name="runScenario" time="0.382" classname="tests.RealTestRunner"/>
  <system-out/>
  <testcase name="runScenario" time="0.376" classname="tests.RealTestRunner"/>
  <system-out/>
  <testcase name="runScenario" time="0.364" classname="tests.RealTestRunner"/>
  <system-out/>
  <testcase name="runScenario" time="0.501" classname="tests.RealTestRunner"/>
  <system-out/>
  <testcase name="runScenario" time="0.487" classname="tests.RealTestRunner"/>
  <system-out/>
  <testcase name="runScenario" time="0.346" classname="tests.RealTestRunner"/>
  <system-out/>
  <testcase name="runScenario" time="0.349" classname="tests.RealTestRunner"/>
  <system-out/>
  <testcase name="runScenario" time="0.367" classname="tests.RealTestRunner"/>
  <system-out/>
  <testcase name="runScenario" time="11.376" classname="tests.RealTestRunner"/>
  <system-out/>
  <testcase name="runScenario" time="0.371" classname="tests.RealTestRunner"/>
  <system-out/>
  <testcase name="runScenario" time="0.496" classname="tests.RealTestRunner"/>
  <system-out/>
  <testcase name="runScenario" time="0.486" classname="tests.RealTestRunner"/>
  <system-out/>
  <testcase name="runScenario" time="0.361" classname="tests.RealTestRunner"/>
  <system-out/>
  <testcase name="runScenario" time="0.540" classname="tests.RealTestRunner"/>
  <system-out/>
  <testcase name="runScenario" time="0.493" classname="tests.RealTestRunner"/>
  <system-out/>
  <testcase name="runScenario" time="0.358" classname="tests.RealTestRunner"/>
  <system-out/>
  <testcase name="runScenario" time="0.372" classname="tests.RealTestRunner"/>
  <system-out/>
  <testcase name="runScenario" time="0.493" classname="tests.RealTestRunner"/>
  <system-out/>
  <testcase name="runScenario" time="0.491" classname="tests.RealTestRunner"/>
  <system-out/>
</testsuite> <!-- tests.RealTestRunner -->
