<?xml version="1.0" encoding="UTF-8"?>
<!-- Generated by org.testng.reporters.JUnitReportReporter -->
<testsuite skipped="0" hostname="DESKTOP-D8HNM4S" name="tests.RealTestRunner" tests="25" failures="0" timestamp="2020-11-22T01:19:33 IST" time="22.339" errors="0">
  <testcase name="runScenario" time="0.367" classname="tests.RealTestRunner"/>
  <system-out/>
  <testcase name="runScenario" time="0.600" classname="tests.RealTestRunner"/>
  <system-out/>
  <testcase name="runScenario" time="0.532" classname="tests.RealTestRunner"/>
  <system-out/>
  <testcase name="runScenario" time="0.333" classname="tests.RealTestRunner"/>
  <system-out/>
  <testcase name="runScenario" time="0.482" classname="tests.RealTestRunner"/>
  <system-out/>
  <testcase name="runScenario" time="0.538" classname="tests.RealTestRunner"/>
  <system-out/>
  <testcase name="runScenario" time="0.400" classname="tests.RealTestRunner"/>
  <system-out/>
  <testcase name="runScenario" time="0.356" classname="tests.RealTestRunner"/>
  <system-out/>
  <testcase name="runScenario" time="0.348" classname="tests.RealTestRunner"/>
  <system-out/>
  <testcase name="runScenario" time="0.542" classname="tests.RealTestRunner"/>
  <system-out/>
  <testcase name="runScenario" time="0.498" classname="tests.RealTestRunner"/>
  <system-out/>
  <testcase name="runScenario" time="0.368" classname="tests.RealTestRunner"/>
  <system-out/>
  <testcase name="runScenario" time="0.367" classname="tests.RealTestRunner"/>
  <system-out/>
  <testcase name="runScenario" time="0.366" classname="tests.RealTestRunner"/>
  <system-out/>
  <testcase name="runScenario" time="11.774" classname="tests.RealTestRunner"/>
  <system-out/>
  <testcase name="runScenario" time="0.390" classname="tests.RealTestRunner"/>
  <system-out/>
  <testcase name="runScenario" time="0.503" classname="tests.RealTestRunner"/>
  <system-out/>
  <testcase name="runScenario" time="0.459" classname="tests.RealTestRunner"/>
  <system-out/>
  <testcase name="runScenario" time="0.376" classname="tests.RealTestRunner"/>
  <system-out/>
  <testcase name="runScenario" time="0.501" classname="tests.RealTestRunner"/>
  <system-out/>
  <testcase name="runScenario" time="0.505" classname="tests.RealTestRunner"/>
  <system-out/>
  <testcase name="runScenario" time="0.344" classname="tests.RealTestRunner"/>
  <system-out/>
  <testcase name="runScenario" time="0.392" classname="tests.RealTestRunner"/>
  <system-out/>
  <testcase name="runScenario" time="0.501" classname="tests.RealTestRunner"/>
  <system-out/>
  <testcase name="runScenario" time="0.497" classname="tests.RealTestRunner"/>
  <system-out/>
</testsuite> <!-- tests.RealTestRunner -->
