<?xml version="1.0" encoding="UTF-8"?>
<!-- Generated by org.testng.reporters.JUnitReportReporter -->
<testsuite skipped="0" hostname="DESKTOP-D8HNM4S" name="tests.RealTestRunner" tests="25" failures="0" timestamp="2020-11-20T01:55:04 IST" time="19.855" errors="0">
  <testcase name="runScenario" time="0.156" classname="tests.RealTestRunner"/>
  <system-out/>
  <testcase name="runScenario" time="0.782" classname="tests.RealTestRunner"/>
  <system-out/>
  <testcase name="runScenario" time="0.640" classname="tests.RealTestRunner"/>
  <system-out/>
  <testcase name="runScenario" time="0.156" classname="tests.RealTestRunner"/>
  <system-out/>
  <testcase name="runScenario" time="0.656" classname="tests.RealTestRunner"/>
  <system-out/>
  <testcase name="runScenario" time="0.453" classname="tests.RealTestRunner"/>
  <system-out/>
  <testcase name="runScenario" time="0.156" classname="tests.RealTestRunner"/>
  <system-out/>
  <testcase name="runScenario" time="0.188" classname="tests.RealTestRunner"/>
  <system-out/>
  <testcase name="runScenario" time="0.203" classname="tests.RealTestRunner"/>
  <system-out/>
  <testcase name="runScenario" time="0.687" classname="tests.RealTestRunner"/>
  <system-out/>
  <testcase name="runScenario" time="0.625" classname="tests.RealTestRunner"/>
  <system-out/>
  <testcase name="runScenario" time="0.156" classname="tests.RealTestRunner"/>
  <system-out/>
  <testcase name="runScenario" time="0.172" classname="tests.RealTestRunner"/>
  <system-out/>
  <testcase name="runScenario" time="0.218" classname="tests.RealTestRunner"/>
  <system-out/>
  <testcase name="runScenario" time="9.701" classname="tests.RealTestRunner"/>
  <system-out/>
  <testcase name="runScenario" time="0.172" classname="tests.RealTestRunner"/>
  <system-out/>
  <testcase name="runScenario" time="0.641" classname="tests.RealTestRunner"/>
  <system-out/>
  <testcase name="runScenario" time="0.641" classname="tests.RealTestRunner"/>
  <system-out/>
  <testcase name="runScenario" time="0.172" classname="tests.RealTestRunner"/>
  <system-out/>
  <testcase name="runScenario" time="0.688" classname="tests.RealTestRunner"/>
  <system-out/>
  <testcase name="runScenario" time="0.702" classname="tests.RealTestRunner"/>
  <system-out/>
  <testcase name="runScenario" time="0.187" classname="tests.RealTestRunner"/>
  <system-out/>
  <testcase name="runScenario" time="0.438" classname="tests.RealTestRunner"/>
  <system-out/>
  <testcase name="runScenario" time="0.640" classname="tests.RealTestRunner"/>
  <system-out/>
  <testcase name="runScenario" time="0.625" classname="tests.RealTestRunner"/>
  <system-out/>
</testsuite> <!-- tests.RealTestRunner -->
