<?xml version="1.0" encoding="UTF-8"?>
<!-- Generated by org.testng.reporters.JUnitReportReporter -->
<testsuite skipped="0" hostname="DESKTOP-D8HNM4S" name="tests.SmokeTestRunner" tests="1" failures="0" timestamp="2020-11-21T21:23:06 IST" time="5.081" errors="0">
  <testcase name="runScenario" time="5.081" classname="tests.SmokeTestRunner"/>
  <system-out/>
</testsuite> <!-- tests.SmokeTestRunner -->
