<?xml version="1.0" encoding="UTF-8"?>
<!-- Generated by org.testng.reporters.JUnitReportReporter -->
<testsuite skipped="0" hostname="DESKTOP-D8HNM4S" name="tests.RealTestRunner" tests="25" failures="0" timestamp="2020-11-21T21:23:06 IST" time="26.418" errors="0">
  <testcase name="runScenario" time="0.385" classname="tests.RealTestRunner"/>
  <system-out/>
  <testcase name="runScenario" time="0.603" classname="tests.RealTestRunner"/>
  <system-out/>
  <testcase name="runScenario" time="0.488" classname="tests.RealTestRunner"/>
  <system-out/>
  <testcase name="runScenario" time="0.436" classname="tests.RealTestRunner"/>
  <system-out/>
  <testcase name="runScenario" time="1.029" classname="tests.RealTestRunner"/>
  <system-out/>
  <testcase name="runScenario" time="0.502" classname="tests.RealTestRunner"/>
  <system-out/>
  <testcase name="runScenario" time="0.369" classname="tests.RealTestRunner"/>
  <system-out/>
  <testcase name="runScenario" time="0.424" classname="tests.RealTestRunner"/>
  <system-out/>
  <testcase name="runScenario" time="0.387" classname="tests.RealTestRunner"/>
  <system-out/>
  <testcase name="runScenario" time="0.503" classname="tests.RealTestRunner"/>
  <system-out/>
  <testcase name="runScenario" time="0.535" classname="tests.RealTestRunner"/>
  <system-out/>
  <testcase name="runScenario" time="0.351" classname="tests.RealTestRunner"/>
  <system-out/>
  <testcase name="runScenario" time="0.353" classname="tests.RealTestRunner"/>
  <system-out/>
  <testcase name="runScenario" time="0.343" classname="tests.RealTestRunner"/>
  <system-out/>
  <testcase name="runScenario" time="14.537" classname="tests.RealTestRunner"/>
  <system-out/>
  <testcase name="runScenario" time="0.352" classname="tests.RealTestRunner"/>
  <system-out/>
  <testcase name="runScenario" time="0.522" classname="tests.RealTestRunner"/>
  <system-out/>
  <testcase name="runScenario" time="1.029" classname="tests.RealTestRunner"/>
  <system-out/>
  <testcase name="runScenario" time="0.413" classname="tests.RealTestRunner"/>
  <system-out/>
  <testcase name="runScenario" time="0.555" classname="tests.RealTestRunner"/>
  <system-out/>
  <testcase name="runScenario" time="0.579" classname="tests.RealTestRunner"/>
  <system-out/>
  <testcase name="runScenario" time="0.418" classname="tests.RealTestRunner"/>
  <system-out/>
  <testcase name="runScenario" time="0.313" classname="tests.RealTestRunner"/>
  <system-out/>
  <testcase name="runScenario" time="0.489" classname="tests.RealTestRunner"/>
  <system-out/>
  <testcase name="runScenario" time="0.503" classname="tests.RealTestRunner"/>
  <system-out/>
</testsuite> <!-- tests.RealTestRunner -->
